{"level":"info","message":"Server is running on port 3000"}
{"level":"info","message":"Server is running on port 3000"}
{"level":"info","message":"Server is running on port 3000"}
{"level":"info","message":"Server is running on port 3000"}
{"level":"info","message":"Server is running on port 3000"}
{"level":"info","message":"Server is running on port 3000"}
{"level":"info","message":"Server is running on port 3000"}
{"level":"info","message":"Server is running on port 3000"}
{"level":"info","message":"Server is running on port 3000"}
{"level":"info","message":"Server is running on port 3000"}
{"level":"info","message":"Server is running on port 3000"}
{"level":"info","message":"Server is running on port 3000"}
{"level":"info","message":"Server is running on port 3000"}
{"level":"info","message":"Server is running on port 3000"}
{"level":"info","message":"Server is running on port 3000"}
{"level":"info","message":"Server is running on port 3000"}
{"level":"info","message":"GET /api"}
{"level":"info","message":"Server is running on port 3000"}
{"level":"info","message":"Server is running on port 3000"}
{"level":"info","message":"GET /fail"}
{"level":"info","message":"Server is running on port 3000"}
{"level":"info","message":"Server is running on port 3000"}
{"level":"info","message":"Server is running on port 3000"}
{"level":"info","message":"Server is running on port 3000"}
{"level":"info","message":"Server is running on port 3000"}
{"level":"info","message":"Server is running on port 3000"}
{"level":"info","message":"Server is running on port 3000"}
{"level":"info","message":"Server is running on port 3000"}
{"level":"info","message":"Server is running on port 3000"}
{"level":"info","message":"Server is running on port 3000"}
{"level":"info","message":"Server is running on port 3000"}
{"level":"info","message":"GET /fail"}
{"level":"info","message":"GET /docs"}
{"level":"info","message":"Server is running on port 3000"}
{"level":"info","message":"Server is running on port 3000"}
{"level":"info","message":"GET /api/v1/docs"}
{"level":"info","message":"GET /api/v1/docs/"}
{"level":"info","message":"GET /api/v1/docs"}
{"level":"info","message":"GET /api/v1/docs/"}
{"level":"info","message":"GET /api/v1/docs/swagger-ui.css"}
{"level":"info","message":"GET /api/v1/docs/swagger-ui-bundle.js"}
{"level":"info","message":"GET /api/v1/docs/swagger-ui-standalone-preset.js"}
{"level":"info","message":"GET /api/v1/docs/swagger-ui-init.js"}
{"level":"info","message":"GET /api/v1/docs/favicon-32x32.png"}
{"level":"info","message":"Server is running on port 3000"}
{"level":"info","message":"Server is running on port 3000"}
{"level":"info","message":"Server is running on port 3000"}
{"level":"info","message":"GET /api/v1/docs/"}
{"level":"info","message":"GET /api/v1/docs/swagger-ui.css"}
{"level":"info","message":"GET /api/v1/docs/swagger-ui-bundle.js"}
{"level":"info","message":"GET /api/v1/docs/swagger-ui-standalone-preset.js"}
{"level":"info","message":"GET /api/v1/docs/swagger-ui-init.js"}
{"level":"info","message":"GET /api/v1/docs/favicon-32x32.png"}
{"level":"info","message":"Server is running on port 3000"}
{"level":"info","message":"GET /api/v1/docs/"}
{"level":"info","message":"GET /api/v1/docs/swagger-ui.css"}
{"level":"info","message":"GET /api/v1/docs/swagger-ui-bundle.js"}
{"level":"info","message":"GET /api/v1/docs/swagger-ui-standalone-preset.js"}
{"level":"info","message":"GET /api/v1/docs/swagger-ui-init.js"}
{"level":"info","message":"GET /api/v1/docs/favicon-32x32.png"}
{"level":"info","message":"Server is running on port 3000"}
{"level":"info","message":"Server is running on port 3000"}
{"level":"info","message":"GET /api/v1/docs/"}
{"level":"info","message":"GET /api/v1/docs/swagger-ui-bundle.js"}
{"level":"info","message":"GET /api/v1/docs/swagger-ui.css"}
{"level":"info","message":"GET /api/v1/docs/swagger-ui-init.js"}
{"level":"info","message":"GET /api/v1/docs/swagger-ui-standalone-preset.js"}
{"level":"info","message":"GET /api/v1/docs/favicon-32x32.png"}
